make all --print-data-base --no-builtin-variables --no-builtin-rules --question
# GNU Make 4.2.1
# Built for x86_64-pc-linux-gnu
# Copyright (C) 1988-2016 Free Software Foundation, Inc.
# License GPLv3+: GNU GPL version 3 or later <http://gnu.org/licenses/gpl.html>
# This is free software: you are free to change and redistribute it.
# There is NO WARRANTY, to the extent permitted by law.

# Make data base, printed on Mon Jun  6 23:26:51 2022

# Variables

# 'override' directive
GNUMAKEFLAGS := 
# automatic
<D = $(patsubst %/,%,$(dir $<))
# automatic
?F = $(notdir $?)
# environment
DESKTOP_SESSION = ubuntu
# default
.SHELLFLAGS := -c
# makefile (from 'Makefile', line 11)
OBJ = $(SRC:.cpp=.o)
# environment
XDG_SESSION_CLASS = user
# makefile (from 'Makefile', line 10)
SRC = $(wildcard src/**/*.cpp) $(wildcard src/*.cpp)
# environment
XDG_SESSION_TYPE = x11
# environment
VSCODE_LOG_NATIVE = false
# automatic
?D = $(patsubst %/,%,$(dir $?))
# environment
IM_CONFIG_PHASE = 1
# automatic
@D = $(patsubst %/,%,$(dir $@))
# environment
XAUTHORITY = /run/user/1000/gdm/Xauthority
# environment
GDMSESSION = ubuntu
# environment
XMODIFIERS = @im=ibus
# makefile
CURDIR := /home/subhadeep19/bruh/emulate_stuff
# makefile
SHELL = /bin/sh
# makefile (from 'Makefile', line 13)
BIN = bin
# environment
VSCODE_NLS_CONFIG = {"locale":"en-gb","availableLanguages":{},"_languagePackSupport":true}
# environment
_ = /usr/bin/dbus-update-activation-environment
# makefile (from 'Makefile', line 5)
CFLAGS = -std=c++17 -O3 -g -Wall -Wextra -Wpedantic -Wstrict-aliasing -Wno-pointer-arith -Wno-newline-eof -Wno-unused-parameter -Wno-gnu-statement-expression -Wno-gnu-compound-literal-initializer -Wno-gnu-zero-variadic-macro-arguments -Iinclude
# environment
JOURNAL_STREAM = 8:56025
# environment
XDG_CONFIG_DIRS = /etc/xdg/xdg-ubuntu:/etc/xdg
# makefile (from 'Makefile', line 1)
MAKEFILE_LIST :=  Makefile
# automatic
@F = $(notdir $@)
# environment
GIO_LAUNCHED_DESKTOP_FILE = /usr/share/applications/code.desktop
# environment
OMF_PATH = /home/subhadeep19/.local/share/omf
# environment
USERNAME = subhadeep19
# environment
MANDATORY_PATH = /usr/share/gconf/ubuntu.mandatory.path
# environment
XDG_DATA_DIRS = /usr/share/ubuntu:/usr/local/share/:/usr/share/:/var/lib/snapd/desktop
# environment
DBUS_SESSION_BUS_ADDRESS = unix:path=/run/user/1000/bus
# environment
VSCODE_VERBOSE_LOGGING = true
# environment
MANAGERPID = 2190
# environment
VSCODE_IPC_HOOK_EXTHOST = /run/user/1000/vscode-ipc-5460bf70-9904-4caf-9abc-6d0bd9bf1cd4.sock
# environment
VSCODE_CWD = /home/subhadeep19
# default
MAKE_HOST := x86_64-pc-linux-gnu
# environment
PATH = /home/subhadeep19/.local/bin:/usr/local/sbin:/usr/local/bin:/usr/sbin:/usr/bin:/sbin:/bin:/usr/games:/usr/local/games:/snap/bin
# environment
GPG_AGENT_INFO = /run/user/1000/gnupg/S.gpg-agent:0:1
# environment
SESSION_MANAGER = local/HackTop:@/tmp/.ICE-unix/2405,unix/HackTop:/tmp/.ICE-unix/2405
# environment
XDG_RUNTIME_DIR = /run/user/1000
# environment
XDG_MENU_PREFIX = gnome-
# environment
VSCODE_LOG_STACK = false
# environment
ELECTRON_RUN_AS_NODE = 1
# environment
INVOCATION_ID = fbc3920fd8164c729d985a36466c196e
# makefile (from 'Makefile', line 12)
LDFLAGS = -Llib/ -lglfw3 -lGL -lX11 -lXxf86vm -lXrandr -pthread -lXi -ldl
# default
.FEATURES := target-specific order-only second-expansion else-if shortest-stem undefine oneshell archives jobserver output-sync check-symlink load
# environment
XDG_SESSION_DESKTOP = ubuntu
# environment
SSH_AUTH_SOCK = /run/user/1000/keyring/ssh
# environment
GIO_LAUNCHED_DESKTOP_FILE_PID = 2738
# automatic
%F = $(notdir $%)
# environment
DISPLAY = :0
# environment
VSCODE_PIPE_LOGGING = true
# environment
PWD = /home/subhadeep19/bruh/emulate_stuff
# default
.LOADED := 
# environment
SSH_AGENT_PID = 2367
# environment
ORIGINAL_XDG_CURRENT_DESKTOP = ubuntu:GNOME
# environment
GTK_MODULES = gail:atk-bridge
# environment
VSCODE_AMD_ENTRYPOINT = vs/workbench/api/node/extensionHostProcess
# environment
HOME = /home/subhadeep19
# environment
VSCODE_CODE_CACHE_PATH = /home/subhadeep19/.config/Code/CachedData/57fd6d0195bb9b9d1b49f6da5db789060795de47
# environment
LOGNAME = subhadeep19
# environment
APPLICATION_INSIGHTS_NO_DIAGNOSTIC_CHANNEL = 1
# environment
VSCODE_HANDLES_UNCAUGHT_ERRORS = true
# environment
GNOME_DESKTOP_SESSION_ID = this-is-deprecated
# automatic
^D = $(patsubst %/,%,$(dir $^))
# environment
MAKELEVEL := 0
# default
MAKE = $(MAKE_COMMAND)
# default
MAKECMDGOALS := all
# environment
QT_IM_MODULE = ibus
# environment
SHLVL = 1
# makefile (from 'Makefile', line 1)
CC = g++
# environment
GNOME_SHELL_SESSION_MODE = ubuntu
# default
MAKE_VERSION := 4.2.1
# environment
USER = subhadeep19
# makefile
.DEFAULT_GOAL := all
# environment
XDG_CURRENT_DESKTOP = Unity
# environment
OMF_CONFIG = /home/subhadeep19/.config/omf
# environment
LIBVIRT_DEFAULT_URI = qemu:///system
# automatic
%D = $(patsubst %/,%,$(dir $%))
# default
MAKE_COMMAND := make
# default
.VARIABLES := 
# automatic
*F = $(notdir $*)
# environment
LANGUAGE = en_IN:en
# environment
VSCODE_IPC_HOOK = /run/user/1000/vscode-480886ef-1.67.0-main.sock
# makefile
MAKEFLAGS = pqrR
# environment
MFLAGS = -pqrR
# automatic
*D = $(patsubst %/,%,$(dir $*))
# automatic
+D = $(patsubst %/,%,$(dir $+))
# environment
GDK_BACKEND = x11
# automatic
+F = $(notdir $+)
# environment
QT_ACCESSIBILITY = 1
# environment
DEFAULTS_PATH = /usr/share/gconf/ubuntu.default.path
# default
MAKEFILES := 
# automatic
<F = $(notdir $<)
# environment
LC_ALL = C
# makefile (from 'Makefile', line 6)
HEADER = $(wildcard include/*.h) $(wildcard include/**/*.h)
# environment
GJS_DEBUG_TOPICS = JS ERROR;JS LOG
# automatic
^F = $(notdir $^)
# default
SUFFIXES := 
# environment
CHROME_DESKTOP = code-url-handler.desktop
# environment
WINDOWPATH = 2
# default
.INCLUDE_DIRS = /usr/include /usr/local/include /usr/include
# environment
GJS_DEBUG_OUTPUT = stderr
# default
.RECIPEPREFIX := 
# environment
LANG = C
# environment
VSCODE_PID = 2738
# variable set hash-table stats:
# Load=107/1024=10%, Rehash=0, Collisions=14/145=10%

# Pattern-specific Variable Values

# No pattern-specific variable values.

# Directories

# include (device 66306, inode 4735390): 8 files, no impossibilities.
# . (device 66306, inode 4735379): 11 files, no impossibilities.
# include/KHR (device 66306, inode 4785101): 3 files, no impossibilities.
# src/glad.o (device 66306, inode 4719244): could not be opened.
# src/PerlinNoise.o (device 66306, inode 4719208): could not be opened.
# src/ppm.o (device 66306, inode 4725095): could not be opened.
# src/glad.cpp (device 66306, inode 4719243): could not be opened.
# src/PerlinNoise.cpp (device 66306, inode 4725094): could not be opened.
# include/glad (device 66306, inode 4785100): 3 files, no impossibilities.
# include/PerlinNoise.h (device 66306, inode 4719258): could not be opened.
# include/GLFW (device 66306, inode 4785102): 4 files, no impossibilities.
# src/main.o (device 66306, inode 4719210): could not be opened.
# src/ppm.cpp (device 66306, inode 4725865): could not be opened.
# include/utils.h (device 66306, inode 4719259): could not be opened.
# src (device 66306, inode 4735387): 10 files, no impossibilities.
# include/ppm.h (device 66306, inode 4725857): could not be opened.
# src/main.cpp (device 66306, inode 4723004): could not be opened.

# 39 files, no impossibilities in 17 directories.

# Implicit Rules

%.o: %.cpp include/ppm.h include/PerlinNoise.h include/utils.h include/KHR/khrplatform.h include/GLFW/glfw3.h include/GLFW/glfw3native.h include/glad/glad.h
#  recipe to execute (from 'Makefile', line 29):
	$(CC) -o $@ -c $< $(CFLAGS)

# 1 implicit rules, 0 (0.0%) terminal.

# Files

# Not a target:
src/glad.o:
#  Implicit rule search has not been done.
#  Modification time never checked.
#  File has not been updated.

all: dirs game
#  Phony target (prerequisite of .PHONY).
#  Command line target.
#  Implicit rule search has not been done.
#  File does not exist.
#  File has been updated.
#  Needs to be updated (-q is set).
# variable set hash-table stats:
# Load=0/32=0%, Rehash=0, Collisions=0/4=0%

.PHONY: all clean
#  Implicit rule search has not been done.
#  Modification time never checked.
#  File has not been updated.

# Not a target:
src/main.o:
#  Implicit rule search has not been done.
#  Modification time never checked.
#  File has not been updated.

# Not a target:
.SUFFIXES:
#  Implicit rule search has not been done.
#  Modification time never checked.
#  File has not been updated.

# Not a target:
Makefile:
#  Implicit rule search has been done.
 
#  Last modified 2022-06-03 22:36:03.437881487
#  File has been updated.
#  Successfully updated.

# Not a target:
src/PerlinNoise.o:
#  Implicit rule search has not been done.
#  Modification time never checked.
#  File has not been updated.

dirs:
#  Implicit rule search has not been done.
#  Implicit/static pattern stem: ''
#  File does not exist.
#  File has been updated.
#  Needs to be updated (-q is set).
# automatic
# @ := dirs
# automatic
# % := 
# automatic
# * := 
# automatic
# + := 
# automatic
# | := 
# automatic
# < := 
# automatic
# ^ := 
# automatic
# ? := 
# variable set hash-table stats:
# Load=8/32=25%, Rehash=0, Collisions=1/12=8%
#  recipe to execute (from 'Makefile', line 20):
	mkdir -p ./$(BIN)

# Not a target:
.DEFAULT:
#  Implicit rule search has not been done.
#  Modification time never checked.
#  File has not been updated.

# Not a target:
src/ppm.o:
#  Implicit rule search has not been done.
#  Modification time never checked.
#  File has not been updated.

run: all
#  Implicit rule search has not been done.
#  Modification time never checked.
#  File has not been updated.
#  recipe to execute (from 'Makefile', line 23):
	$(BIN)/emu

clean:
#  Phony target (prerequisite of .PHONY).
#  Implicit rule search has not been done.
#  File does not exist.
#  File has not been updated.
#  recipe to execute (from 'Makefile', line 32):
	rm -rf $(BIN) $(OBJ)

game: src/PerlinNoise.o src/ppm.o src/glad.o src/main.o
#  Implicit rule search has not been done.
#  Modification time never checked.
#  File has not been updated.
#  recipe to execute (from 'Makefile', line 26):
	$(CC) -o $(BIN)/emu $^ $(LDFLAGS)

# files hash-table stats:
# Load=13/1024=1%, Rehash=0, Collisions=0/37=0%
# VPATH Search Paths

# No 'vpath' search paths.

# No general ('VPATH' variable) search path.

# strcache buffers: 1 (0) / strings = 59 / storage = 614 B / avg = 10 B
# current buf: size = 8162 B / used = 614 B / count = 59 / avg = 10 B

# strcache performance: lookups = 95 / hit rate = 37%
# hash-table stats:
# Load=59/8192=1%, Rehash=0, Collisions=6/95=6%
# Finished Make data base on Mon Jun  6 23:26:51 2022

 
